0 verbose cli [
0 verbose cli   '/usr/bin/node',
0 verbose cli   '/usr/bin/npm',
0 verbose cli   'install',
0 verbose cli   '--ignore-scripts',
0 verbose cli   '@types/readline-sync@ts4.7',
0 verbose cli   '@types/eslint@ts4.7',
0 verbose cli   '@types/node@ts4.7',
0 verbose cli   '--save-dev',
0 verbose cli   '--user-agent=typesInstaller/4.7.3'
0 verbose cli ]
1 info using npm@8.5.5
2 info using node@v17.9.0
3 timing npm:load:whichnode Completed in 0ms
4 timing config:load:defaults Completed in 2ms
5 timing config:load:file:/usr/lib/node_modules/npm/npmrc Completed in 3ms
6 timing config:load:builtin Completed in 3ms
7 timing config:load:cli Completed in 2ms
8 timing config:load:env Completed in 1ms
9 timing config:load:file:/home/mark_shkuro/.cache/typescript/4.7/.npmrc Completed in 0ms
10 timing config:load:project Completed in 6ms
11 timing config:load:file:/home/mark_shkuro/.npmrc Completed in 0ms
12 timing config:load:user Completed in 0ms
13 timing config:load:file:/usr/etc/npmrc Completed in 0ms
14 timing config:load:global Completed in 0ms
15 timing config:load:validate Completed in 0ms
16 timing config:load:credentials Completed in 1ms
17 timing config:load:setEnvs Completed in 1ms
18 timing config:load Completed in 17ms
19 timing npm:load:configload Completed in 17ms
20 timing npm:load:setTitle Completed in 1ms
21 timing config:load:flatten Completed in 3ms
22 timing npm:load:display Completed in 4ms
23 verbose logfile /home/mark_shkuro/.npm/_logs/2022-07-28T11_17_17_199Z-debug-0.log
24 timing npm:load:logFile Completed in 4ms
25 timing npm:load:timers Completed in 0ms
26 timing npm:load:configScope Completed in 0ms
27 timing npm:load Completed in 28ms
28 timing arborist:ctor Completed in 1ms
29 silly logfile start cleaning logs, removing 1 files
30 timing idealTree:init Completed in 16ms
31 timing arborist:ctor Completed in 1ms
32 http fetch GET 200 https://registry.npmjs.org/@types%2feslint 467ms (cache miss)
33 http fetch GET 200 https://registry.npmjs.org/npm 494ms (cache updated)
34 http fetch GET 200 https://registry.npmjs.org/@types%2fnode 639ms (cache miss)
35 http fetch GET 200 https://registry.npmjs.org/@types%2freadline-sync 1969ms (cache miss)
36 timing idealTree:userRequests Completed in 1971ms
37 silly idealTree buildDeps
38 silly fetch manifest @types/readline-sync@1.4.4
39 silly fetch manifest @types/eslint@8.4.5
40 silly fetch manifest @types/node@18.6.2
41 silly placeDep ROOT @types/eslint@8.4.5 OK for:  want: 8.4.5
42 silly placeDep ROOT @types/node@18.6.2 OK for:  want: 18.6.2
43 silly placeDep ROOT @types/readline-sync@1.4.4 OK for:  want: 1.4.4
44 silly fetch manifest @types/estree@*
45 silly fetch manifest @types/json-schema@*
46 http fetch GET 200 https://registry.npmjs.org/@types%2festree 54ms (cache miss)
47 http fetch GET 200 https://registry.npmjs.org/@types%2fjson-schema 74ms (cache miss)
48 timing idealTree:#root Completed in 82ms
49 silly placeDep ROOT @types/estree@1.0.0 OK for: @types/eslint@8.4.5 want: *
50 silly placeDep ROOT @types/json-schema@7.0.11 OK for: @types/eslint@8.4.5 want: *
51 timing idealTree:node_modules/@types/eslint Completed in 3ms
52 timing idealTree:node_modules/@types/estree Completed in 0ms
53 timing idealTree:node_modules/@types/json-schema Completed in 0ms
54 timing idealTree:node_modules/@types/node Completed in 0ms
55 timing idealTree:node_modules/@types/readline-sync Completed in 0ms
56 timing idealTree:buildDeps Completed in 86ms
57 timing idealTree:fixDepFlags Completed in 1ms
58 timing idealTree Completed in 2074ms
59 timing reify:loadTrees Completed in 2075ms
60 timing reify:diffTrees Completed in 1ms
61 silly reify moves {}
62 timing reify:retireShallow Completed in 0ms
63 timing reify:createSparse Completed in 4ms
64 timing reify:loadBundles Completed in 0ms
65 silly audit bulk request {
65 silly audit   'types-registry': [ '0.1.602' ],
65 silly audit   '@types/eslint': [ '8.4.5' ],
65 silly audit   '@types/node': [ '18.6.2' ],
65 silly audit   '@types/readline-sync': [ '1.4.4' ],
65 silly audit   '@types/estree': [ '1.0.0' ],
65 silly audit   '@types/json-schema': [ '7.0.11' ]
65 silly audit }
66 silly tarball no local data for @types/readline-sync@https://registry.npmjs.org/@types/readline-sync/-/readline-sync-1.4.4.tgz. Extracting by manifest.
67 silly tarball no local data for @types/node@https://registry.npmjs.org/@types/node/-/node-18.6.2.tgz. Extracting by manifest.
68 silly tarball no local data for @types/json-schema@https://registry.npmjs.org/@types/json-schema/-/json-schema-7.0.11.tgz. Extracting by manifest.
69 silly tarball no local data for @types/estree@https://registry.npmjs.org/@types/estree/-/estree-1.0.0.tgz. Extracting by manifest.
70 silly tarball no local data for @types/eslint@https://registry.npmjs.org/@types/eslint/-/eslint-8.4.5.tgz. Extracting by manifest.
71 http fetch GET 200 https://registry.npmjs.org/@types/json-schema/-/json-schema-7.0.11.tgz 67ms (cache miss)
72 timing reifyNode:node_modules/@types/json-schema Completed in 79ms
73 http fetch GET 200 https://registry.npmjs.org/@types/estree/-/estree-1.0.0.tgz 103ms (cache miss)
74 timing reifyNode:node_modules/@types/estree Completed in 120ms
75 http fetch GET 200 https://registry.npmjs.org/@types/eslint/-/eslint-8.4.5.tgz 119ms (cache miss)
76 timing reifyNode:node_modules/@types/eslint Completed in 138ms
77 http fetch GET 200 https://registry.npmjs.org/@types/node/-/node-18.6.2.tgz 139ms (cache miss)
78 timing reifyNode:node_modules/@types/node Completed in 148ms
79 http fetch POST 200 https://registry.npmjs.org/-/npm/v1/security/advisories/bulk 251ms
80 timing auditReport:getReport Completed in 252ms
81 silly audit report {}
82 timing auditReport:init Completed in 0ms
83 timing reify:audit Completed in 254ms
84 http fetch GET 200 https://registry.npmjs.org/@types/readline-sync/-/readline-sync-1.4.4.tgz 886ms (cache miss)
85 timing reifyNode:node_modules/@types/readline-sync Completed in 893ms
86 timing reify:unpack Completed in 894ms
87 timing reify:unretire Completed in 1ms
88 timing build:queue Completed in 1ms
89 timing build:deps Completed in 1ms
90 timing build Completed in 1ms
91 timing reify:build Completed in 1ms
92 timing reify:trash Completed in 0ms
93 timing reify:save Completed in 6ms
94 timing reify Completed in 3005ms
95 silly ADD node_modules/@types/json-schema
96 silly ADD node_modules/@types/estree
97 silly ADD node_modules/@types/readline-sync
98 silly ADD node_modules/@types/node
99 silly ADD node_modules/@types/eslint
100 timing command:install Completed in 3010ms
101 notice
101 notice New minor version of npm available! 8.5.5 -> 8.15.1
101 notice Changelog: <https://github.com/npm/cli/releases/tag/v8.15.1>
101 notice Run `npm install -g npm@8.15.1` to update!
101 notice
102 verbose exit 0
103 timing npm Completed in 3226ms
104 info ok
