0 verbose cli [ '/usr/bin/node', '/usr/bin/npm', 'install', '--save-dev', 'eslint' ]
1 info using npm@8.5.5
2 info using node@v17.9.0
3 timing npm:load:whichnode Completed in 0ms
4 timing config:load:defaults Completed in 2ms
5 timing config:load:file:/usr/lib/node_modules/npm/npmrc Completed in 1ms
6 timing config:load:builtin Completed in 1ms
7 timing config:load:cli Completed in 2ms
8 timing config:load:env Completed in 1ms
9 timing config:load:file:/home/mark_shkuro/hexlet-js/.npmrc Completed in 0ms
10 timing config:load:project Completed in 4ms
11 timing config:load:file:/home/mark_shkuro/.npmrc Completed in 0ms
12 timing config:load:user Completed in 1ms
13 timing config:load:file:/usr/etc/npmrc Completed in 0ms
14 timing config:load:global Completed in 0ms
15 timing config:load:validate Completed in 0ms
16 timing config:load:credentials Completed in 1ms
17 timing config:load:setEnvs Completed in 0ms
18 timing config:load Completed in 12ms
19 timing npm:load:configload Completed in 13ms
20 timing npm:load:setTitle Completed in 0ms
21 timing config:load:flatten Completed in 2ms
22 timing npm:load:display Completed in 3ms
23 verbose logfile /home/mark_shkuro/.npm/_logs/2022-05-15T15_26_36_927Z-debug-0.log
24 timing npm:load:logFile Completed in 4ms
25 timing npm:load:timers Completed in 0ms
26 timing npm:load:configScope Completed in 0ms
27 timing npm:load Completed in 20ms
28 timing arborist:ctor Completed in 0ms
29 silly logfile start cleaning logs, removing 1 files
30 timing idealTree:init Completed in 69ms
31 timing idealTree:userRequests Completed in 2ms
32 silly idealTree buildDeps
33 silly fetch manifest eslint@^8.15.0
34 timing arborist:ctor Completed in 0ms
35 http fetch GET 200 https://registry.npmjs.org/eslint 63ms (cache hit)
36 silly placeDep ROOT eslint@8.15.0 REPLACE for: hexlet@1.0.0 want: ^8.15.0
37 timing idealTree:#root Completed in 76ms
38 timing idealTree:node_modules/eslint Completed in 0ms
39 timing idealTree:buildDeps Completed in 77ms
40 timing idealTree:fixDepFlags Completed in 1ms
41 timing idealTree Completed in 151ms
42 timing reify:loadTrees Completed in 152ms
43 timing reify:diffTrees Completed in 3ms
44 silly reify moves {}
45 timing reify:retireShallow Completed in 0ms
46 timing reify:createSparse Completed in 0ms
47 timing reify:loadBundles Completed in 0ms
48 silly audit bulk request {
48 silly audit   '@eslint/eslintrc': [ '1.2.3' ],
48 silly audit   '@humanwhocodes/config-array': [ '0.9.5' ],
48 silly audit   '@humanwhocodes/object-schema': [ '1.2.1' ],
48 silly audit   acorn: [ '8.7.1' ],
48 silly audit   'acorn-jsx': [ '5.3.2' ],
48 silly audit   ajv: [ '6.12.6' ],
48 silly audit   'ansi-regex': [ '5.0.1' ],
48 silly audit   'ansi-styles': [ '4.3.0' ],
48 silly audit   argparse: [ '2.0.1' ],
48 silly audit   'array-includes': [ '3.1.5' ],
48 silly audit   'array.prototype.flatmap': [ '1.3.0' ],
48 silly audit   'balanced-match': [ '1.0.2' ],
48 silly audit   'brace-expansion': [ '1.1.11' ],
48 silly audit   'call-bind': [ '1.0.2' ],
48 silly audit   callsites: [ '3.1.0' ],
48 silly audit   chalk: [ '4.1.2' ],
48 silly audit   'color-convert': [ '2.0.1' ],
48 silly audit   'color-name': [ '1.1.4' ],
48 silly audit   'concat-map': [ '0.0.1' ],
48 silly audit   'cross-spawn': [ '7.0.3' ],
48 silly audit   debug: [ '4.3.4' ],
48 silly audit   'deep-is': [ '0.1.4' ],
48 silly audit   'define-properties': [ '1.1.4' ],
48 silly audit   doctrine: [ '3.0.0', '2.1.0' ],
48 silly audit   'es-abstract': [ '1.20.0' ],
48 silly audit   'es-shim-unscopables': [ '1.0.0' ],
48 silly audit   'es-to-primitive': [ '1.2.1' ],
48 silly audit   'escape-string-regexp': [ '4.0.0' ],
48 silly audit   'eslint-plugin-react': [ '7.29.4' ],
48 silly audit   'eslint-scope': [ '7.1.1' ],
48 silly audit   'eslint-utils': [ '3.0.0' ],
48 silly audit   'eslint-visitor-keys': [ '2.1.0', '3.3.0' ],
48 silly audit   espree: [ '9.3.2' ],
48 silly audit   esquery: [ '1.4.0' ],
48 silly audit   esrecurse: [ '4.3.0' ],
48 silly audit   estraverse: [ '5.3.0' ],
48 silly audit   esutils: [ '2.0.3' ],
48 silly audit   'fast-deep-equal': [ '3.1.3' ],
48 silly audit   'fast-json-stable-stringify': [ '2.1.0' ],
48 silly audit   'fast-levenshtein': [ '2.0.6' ],
48 silly audit   'file-entry-cache': [ '6.0.1' ],
48 silly audit   'flat-cache': [ '3.0.4' ],
48 silly audit   flatted: [ '3.2.5' ],
48 silly audit   'fs.realpath': [ '1.0.0' ],
48 silly audit   'function-bind': [ '1.1.1' ],
48 silly audit   'function.prototype.name': [ '1.1.5' ],
48 silly audit   'functional-red-black-tree': [ '1.0.1' ],
48 silly audit   'functions-have-names': [ '1.2.3' ],
48 silly audit   'get-intrinsic': [ '1.1.1' ],
48 silly audit   'get-symbol-description': [ '1.0.0' ],
48 silly audit   glob: [ '7.2.3' ],
48 silly audit   'glob-parent': [ '6.0.2' ],
48 silly audit   globals: [ '13.15.0' ],
48 silly audit   has: [ '1.0.3' ],
48 silly audit   'has-bigints': [ '1.0.2' ],
48 silly audit   'has-flag': [ '4.0.0' ],
48 silly audit   'has-property-descriptors': [ '1.0.0' ],
48 silly audit   'has-symbols': [ '1.0.3' ],
48 silly audit   'has-tostringtag': [ '1.0.0' ],
48 silly audit   ignore: [ '5.2.0' ],
48 silly audit   'import-fresh': [ '3.3.0' ],
48 silly audit   imurmurhash: [ '0.1.4' ],
48 silly audit   inflight: [ '1.0.6' ],
48 silly audit   inherits: [ '2.0.4' ],
48 silly audit   'internal-slot': [ '1.0.3' ],
48 silly audit   'is-bigint': [ '1.0.4' ],
48 silly audit   'is-boolean-object': [ '1.1.2' ],
48 silly audit   'is-callable': [ '1.2.4' ],
48 silly audit   'is-core-module': [ '2.9.0' ],
48 silly audit   'is-date-object': [ '1.0.5' ],
48 silly audit   'is-extglob': [ '2.1.1' ],
48 silly audit   'is-glob': [ '4.0.3' ],
48 silly audit   'is-negative-zero': [ '2.0.2' ],
48 silly audit   'is-number-object': [ '1.0.7' ],
48 silly audit   'is-regex': [ '1.1.4' ],
48 silly audit   'is-shared-array-buffer': [ '1.0.2' ],
48 silly audit   'is-string': [ '1.0.7' ],
48 silly audit   'is-symbol': [ '1.0.4' ],
48 silly audit   'is-weakref': [ '1.0.2' ],
48 silly audit   isexe: [ '2.0.0' ],
48 silly audit   'js-tokens': [ '4.0.0' ],
48 silly audit   'js-yaml': [ '4.1.0' ],
48 silly audit   'json-schema-traverse': [ '0.4.1' ],
48 silly audit   'json-stable-stringify-without-jsonify': [ '1.0.1' ],
48 silly audit   'jsx-ast-utils': [ '3.3.0' ],
48 silly audit   levn: [ '0.4.1' ],
48 silly audit   lodash: [ '4.17.21' ],
48 silly audit   'lodash.merge': [ '4.6.2' ],
48 silly audit   'loose-envify': [ '1.4.0' ],
48 silly audit   minimatch: [ '3.1.2' ],
48 silly audit   ms: [ '2.1.2' ],
48 silly audit   'natural-compare': [ '1.4.0' ],
48 silly audit   'object-assign': [ '4.1.1' ],
48 silly audit   'object-inspect': [ '1.12.0' ],
48 silly audit   'object-keys': [ '1.1.1' ],
48 silly audit   'object.assign': [ '4.1.2' ],
48 silly audit   'object.entries': [ '1.1.5' ],
48 silly audit   'object.fromentries': [ '2.0.5' ],
48 silly audit   'object.hasown': [ '1.1.1' ],
48 silly audit   'object.values': [ '1.1.5' ],
48 silly audit   once: [ '1.4.0' ],
48 silly audit   optionator: [ '0.9.1' ],
48 silly audit   'parent-module': [ '1.0.1' ],
48 silly audit   'path-is-absolute': [ '1.0.1' ],
48 silly audit   'path-key': [ '3.1.1' ],
48 silly audit   'path-parse': [ '1.0.7' ],
48 silly audit   'prelude-ls': [ '1.2.1' ],
48 silly audit   prettier: [ '2.6.2' ],
48 silly audit   'prop-types': [ '15.8.1' ],
48 silly audit   punycode: [ '2.1.1' ],
48 silly audit   'react-is': [ '16.13.1' ],
48 silly audit   'regexp.prototype.flags': [ '1.4.3' ],
48 silly audit   regexpp: [ '3.2.0' ],
48 silly audit   resolve: [ '2.0.0-next.3' ],
48 silly audit   'resolve-from': [ '4.0.0' ],
48 silly audit   rimraf: [ '3.0.2' ],
48 silly audit   semver: [ '6.3.0' ],
48 silly audit   'shebang-command': [ '2.0.0' ],
48 silly audit   'shebang-regex': [ '3.0.0' ],
48 silly audit   'side-channel': [ '1.0.4' ],
48 silly audit   'string.prototype.matchall': [ '4.0.7' ],
48 silly audit   'string.prototype.trimend': [ '1.0.5' ],
48 silly audit   'string.prototype.trimstart': [ '1.0.5' ],
48 silly audit   'strip-ansi': [ '6.0.1' ],
48 silly audit   'strip-json-comments': [ '3.1.1' ],
48 silly audit   'supports-color': [ '7.2.0' ],
48 silly audit   'text-table': [ '0.2.0' ],
48 silly audit   tree: [ '0.1.3' ],
48 silly audit   'type-check': [ '0.4.0' ],
48 silly audit   'type-fest': [ '0.20.2' ],
48 silly audit   'unbox-primitive': [ '1.0.2' ],
48 silly audit   underscore: [ '1.13.3' ],
48 silly audit   'uri-js': [ '4.4.1' ],
48 silly audit   'v8-compile-cache': [ '2.3.0' ],
48 silly audit   which: [ '2.0.2' ],
48 silly audit   'which-boxed-primitive': [ '1.0.2' ],
48 silly audit   'word-wrap': [ '1.2.3' ],
48 silly audit   wrappy: [ '1.0.2' ],
48 silly audit   eslint: [ '8.15.0' ]
48 silly audit }
49 timing reify:unpack Completed in 1ms
50 timing reify:unretire Completed in 0ms
51 timing build:queue Completed in 0ms
52 timing build:deps Completed in 0ms
53 timing build Completed in 0ms
54 timing reify:build Completed in 0ms
55 timing reify:trash Completed in 0ms
56 timing reify:save Completed in 23ms
57 http fetch POST 200 https://registry.npmjs.org/-/npm/v1/security/advisories/bulk 644ms
58 timing auditReport:getReport Completed in 646ms
59 silly audit report {}
60 timing auditReport:init Completed in 0ms
61 timing reify:audit Completed in 647ms
62 timing reify Completed in 808ms
63 timing command:install Completed in 814ms
64 verbose exit 0
65 timing npm Completed in 946ms
66 info ok
