[2022-07-28 14:17:04.209] [exthost] [info] Extension host with pid 6947 started
[2022-07-28 14:17:04.241] [exthost] [info] Lock '/home/mark_shkuro/.vscode-server/data/User/workspaceStorage/98140735f6bea545480fc5c385364496/vscode.lock': Lock acquired.
[2022-07-28 14:17:04.296] [exthost] [info] ExtensionService#_doActivateExtension vscode.debug-auto-launch, startup: true, activationEvent: '*'
[2022-07-28 14:17:04.305] [exthost] [info] ExtensionService#_doActivateExtension vscode.git-base, startup: true, activationEvent: '*'
[2022-07-28 14:17:04.310] [exthost] [info] ExtensionService#_doActivateExtension vscode.ipynb, startup: true, activationEvent: '*'
[2022-07-28 14:17:04.336] [exthost] [info] ExtensionService#_doActivateExtension HookyQR.beautify, startup: true, activationEvent: '*'
[2022-07-28 14:17:04.387] [exthost] [info] ExtensionService#_doActivateExtension ionutvmi.path-autocomplete, startup: true, activationEvent: '*'
[2022-07-28 14:17:04.396] [exthost] [info] ExtensionService#_doActivateExtension kisstkondoros.vscode-gutter-preview, startup: true, activationEvent: '*'
[2022-07-28 14:17:04.453] [exthost] [info] ExtensionService#_doActivateExtension slevesque.vscode-multiclip, startup: true, activationEvent: '*'
[2022-07-28 14:17:04.465] [exthost] [info] ExtensionService#_doActivateExtension vscode.npm, startup: true, activationEvent: 'workspaceContains:package.json'
[2022-07-28 14:17:04.681] [exthost] [info] ExtensionService#_doActivateExtension vscode.emmet, startup: false, activationEvent: 'onStartupFinished'
[2022-07-28 14:17:04.699] [exthost] [info] ExtensionService#_doActivateExtension vscode.merge-conflict, startup: false, activationEvent: 'onStartupFinished'
[2022-07-28 14:17:04.704] [exthost] [info] ExtensionService#_doActivateExtension dbaeumer.vscode-eslint, startup: false, activationEvent: 'onStartupFinished'
[2022-07-28 14:17:04.739] [exthost] [info] ExtensionService#_doActivateExtension eamodio.gitlens, startup: false, activationEvent: 'onStartupFinished'
[2022-07-28 14:17:04.867] [exthost] [info] ExtensionService#_doActivateExtension formulahendry.code-runner, startup: false, activationEvent: 'onStartupFinished'
[2022-07-28 14:17:04.884] [exthost] [info] ExtensionService#_doActivateExtension ritwickdey.LiveServer, startup: false, activationEvent: 'onStartupFinished'
[2022-07-28 14:17:05.016] [exthost] [info] Eager extensions activated
[2022-07-28 14:17:12.916] [exthost] [info] ExtensionService#_doActivateExtension vscode.typescript-language-features, startup: false, activationEvent: 'onLanguage:javascript'
[2022-07-28 14:17:12.992] [exthost] [info] ExtensionService#_doActivateExtension wix.vscode-import-cost, startup: false, activationEvent: 'onLanguage:javascript'
[2022-07-28 14:17:13.452] [exthost] [info] ExtensionService#_doActivateExtension Wscats.eno, startup: false, activationEvent: 'onLanguage:javascript'
[2022-07-28 14:18:22.629] [exthost] [info] Extension host terminating: received terminate message from renderer
[2022-07-28 14:18:22.630] [exthost] [info] Lock '/home/mark_shkuro/.vscode-server/data/User/workspaceStorage/98140735f6bea545480fc5c385364496/vscode.lock': Marking the lockfile as scheduled to be released in 6000 ms.
[2022-07-28 14:18:22.670] [exthost] [warning] {"name":"Canceled"}
[2022-07-28 14:18:22.671] [exthost] [warning] {"name":"Canceled"}
[2022-07-28 14:18:22.680] [exthost] [info] Extension host with pid 6947 exiting with code 0
